  fuentesDeLuz.cpp
C:\Users\andre\OneDrive\Documentos\Computación gráfica\Laboratorio\ConfigInicial - P8\ConfigInicial\fuentesDeLuz.cpp(188,24): warning C4244: 'inicializando': conversión de 'double' a 'GLfloat'; posible pérdida de datos
C:\Users\andre\OneDrive\Documentos\Computación gráfica\Laboratorio\ConfigInicial - P8\ConfigInicial\fuentesDeLuz.cpp(227,20): warning C4244: '=': conversión de 'double' a 'T'; posible pérdida de datos
C:\Users\andre\OneDrive\Documentos\Computación gráfica\Laboratorio\ConfigInicial - P8\ConfigInicial\fuentesDeLuz.cpp(227,20): warning C4244:         with
C:\Users\andre\OneDrive\Documentos\Computación gráfica\Laboratorio\ConfigInicial - P8\ConfigInicial\fuentesDeLuz.cpp(227,20): warning C4244:         [
C:\Users\andre\OneDrive\Documentos\Computación gráfica\Laboratorio\ConfigInicial - P8\ConfigInicial\fuentesDeLuz.cpp(227,20): warning C4244:             T=float
C:\Users\andre\OneDrive\Documentos\Computación gráfica\Laboratorio\ConfigInicial - P8\ConfigInicial\fuentesDeLuz.cpp(227,20): warning C4244:         ]
C:\Users\andre\OneDrive\Documentos\Computación gráfica\Laboratorio\ConfigInicial - P8\ConfigInicial\fuentesDeLuz.cpp(228,20): warning C4244: '=': conversión de 'double' a 'T'; posible pérdida de datos
C:\Users\andre\OneDrive\Documentos\Computación gráfica\Laboratorio\ConfigInicial - P8\ConfigInicial\fuentesDeLuz.cpp(228,20): warning C4244:         with
C:\Users\andre\OneDrive\Documentos\Computación gráfica\Laboratorio\ConfigInicial - P8\ConfigInicial\fuentesDeLuz.cpp(228,20): warning C4244:         [
C:\Users\andre\OneDrive\Documentos\Computación gráfica\Laboratorio\ConfigInicial - P8\ConfigInicial\fuentesDeLuz.cpp(228,20): warning C4244:             T=float
C:\Users\andre\OneDrive\Documentos\Computación gráfica\Laboratorio\ConfigInicial - P8\ConfigInicial\fuentesDeLuz.cpp(228,20): warning C4244:         ]
C:\Users\andre\OneDrive\Documentos\Computación gráfica\Laboratorio\ConfigInicial - P8\ConfigInicial\fuentesDeLuz.cpp(229,20): warning C4244: '=': conversión de 'double' a 'T'; posible pérdida de datos
C:\Users\andre\OneDrive\Documentos\Computación gráfica\Laboratorio\ConfigInicial - P8\ConfigInicial\fuentesDeLuz.cpp(229,20): warning C4244:         with
C:\Users\andre\OneDrive\Documentos\Computación gráfica\Laboratorio\ConfigInicial - P8\ConfigInicial\fuentesDeLuz.cpp(229,20): warning C4244:         [
C:\Users\andre\OneDrive\Documentos\Computación gráfica\Laboratorio\ConfigInicial - P8\ConfigInicial\fuentesDeLuz.cpp(229,20): warning C4244:             T=float
C:\Users\andre\OneDrive\Documentos\Computación gráfica\Laboratorio\ConfigInicial - P8\ConfigInicial\fuentesDeLuz.cpp(229,20): warning C4244:         ]
C:\Users\andre\OneDrive\Documentos\Computación gráfica\Laboratorio\ConfigInicial - P8\ConfigInicial\fuentesDeLuz.cpp(460,11): warning C4244: '=': conversión de 'double' a 'GLfloat'; posible pérdida de datos
C:\Users\andre\OneDrive\Documentos\Computación gráfica\Laboratorio\ConfigInicial - P8\ConfigInicial\fuentesDeLuz.cpp(461,11): warning C4244: '=': conversión de 'double' a 'GLfloat'; posible pérdida de datos
C:\Users\andre\OneDrive\Documentos\Computación gráfica\Laboratorio\ConfigInicial - P8\ConfigInicial\fuentesDeLuz.cpp(465,18): warning C4244: 'inicializando': conversión de 'double' a 'GLfloat'; posible pérdida de datos
C:\Users\andre\OneDrive\Documentos\Computación gráfica\Laboratorio\ConfigInicial - P8\ConfigInicial\fuentesDeLuz.cpp(466,18): warning C4244: 'inicializando': conversión de 'double' a 'GLfloat'; posible pérdida de datos
C:\Users\andre\OneDrive\Documentos\Computación gráfica\Laboratorio\ConfigInicial - P8\ConfigInicial\fuentesDeLuz.cpp(468,10): warning C4244: '=': conversión de 'double' a 'GLfloat'; posible pérdida de datos
C:\Users\andre\OneDrive\Documentos\Computación gráfica\Laboratorio\ConfigInicial - P8\ConfigInicial\fuentesDeLuz.cpp(469,10): warning C4244: '=': conversión de 'double' a 'GLfloat'; posible pérdida de datos
LINK : warning LNK4098: la biblioteca predeterminada'MSVCRT' entra en conflicto con otras bibliotecas; use la biblioteca /NODEFAULTLIB:biblioteca
soil2-debug.lib(etc1_utils.obj) : warning LNK4099: no se encontró PDB '' con 'soil2-debug.lib(etc1_utils.obj)' o en ''; se vinculará el objeto sin tener en cuenta información de depuración
soil2-debug.lib(image_DXT.obj) : warning LNK4099: no se encontró PDB '' con 'soil2-debug.lib(image_DXT.obj)' o en ''; se vinculará el objeto sin tener en cuenta información de depuración
soil2-debug.lib(image_helper.obj) : warning LNK4099: no se encontró PDB '' con 'soil2-debug.lib(image_helper.obj)' o en ''; se vinculará el objeto sin tener en cuenta información de depuración
soil2-debug.lib(SOIL2.obj) : warning LNK4099: no se encontró PDB '' con 'soil2-debug.lib(SOIL2.obj)' o en ''; se vinculará el objeto sin tener en cuenta información de depuración
  ConfigInicial.vcxproj -> C:\Users\andre\OneDrive\Documentos\Computación gráfica\Laboratorio\ConfigInicial - P8\Debug\ConfigInicial.exe
